<?xml version="1.0" encoding="UTF-8"?>
<testng-results ignored="0" total="2" passed="2" failed="0" skipped="0">
  <reporter-output>
  </reporter-output>
  <suite started-at="2023-02-25T19:32:16 IST" name="Suite" finished-at="2023-02-25T19:32:49 IST" duration-ms="32886">
    <groups>
    </groups>
    <test started-at="2023-02-25T19:32:16 IST" name="Test" finished-at="2023-02-25T19:32:49 IST" duration-ms="32886">
      <class name="com.automation.script.testcase1">
        <test-method is-config="true" signature="openapp()[pri:0, instance:com.automation.script.testcase1@7205765b]" started-at="2023-02-25T19:32:36 IST" name="openapp" finished-at="2023-02-25T19:32:41 IST" duration-ms="4483" status="PASS">
          <reporter-output>
          </reporter-output>
        </test-method> <!-- openapp -->
        <test-method signature="tc1()[pri:0, instance:com.automation.script.testcase1@7205765b]" started-at="2023-02-25T19:32:41 IST" name="tc1" finished-at="2023-02-25T19:32:49 IST" duration-ms="8056" status="PASS">
          <reporter-output>
          </reporter-output>
        </test-method> <!-- tc1 -->
        <test-method is-config="true" signature="closeapp(org.testng.ITestResult)[pri:0, instance:com.automation.script.testcase1@7205765b]" started-at="2023-02-25T19:32:49 IST" name="closeapp" finished-at="2023-02-25T19:32:49 IST" duration-ms="1" status="PASS">
          <params>
            <param index="0">
              <value>
                <![CDATA[[TestResult name=tc1 status=SUCCESS method=testcase1.tc1()[pri:0, instance:com.automation.script.testcase1@7205765b] output={null}]]]>
              </value>
            </param>
          </params>
          <reporter-output>
          </reporter-output>
        </test-method> <!-- closeapp -->
      </class> <!-- com.automation.script.testcase1 -->
      <class name="com.automation.script.Testcase2">
        <test-method is-config="true" signature="openapp()[pri:0, instance:com.automation.script.Testcase2@37654521]" started-at="2023-02-25T19:32:16 IST" name="openapp" finished-at="2023-02-25T19:32:23 IST" duration-ms="7704" status="PASS">
          <reporter-output>
          </reporter-output>
        </test-method> <!-- openapp -->
        <test-method signature="tc2()[pri:0, instance:com.automation.script.Testcase2@37654521]" started-at="2023-02-25T19:32:23 IST" name="tc2" finished-at="2023-02-25T19:32:36 IST" duration-ms="12597" status="PASS">
          <reporter-output>
          </reporter-output>
        </test-method> <!-- tc2 -->
        <test-method is-config="true" signature="closeapp(org.testng.ITestResult)[pri:0, instance:com.automation.script.Testcase2@37654521]" started-at="2023-02-25T19:32:36 IST" name="closeapp" finished-at="2023-02-25T19:32:36 IST" duration-ms="1" status="PASS">
          <params>
            <param index="0">
              <value>
                <![CDATA[[TestResult name=tc2 status=SUCCESS method=Testcase2.tc2()[pri:0, instance:com.automation.script.Testcase2@37654521] output={null}]]]>
              </value>
            </param>
          </params>
          <reporter-output>
          </reporter-output>
        </test-method> <!-- closeapp -->
      </class> <!-- com.automation.script.Testcase2 -->
    </test> <!-- Test -->
  </suite> <!-- Suite -->
</testng-results>
